2020-10-21T21:34:13-0400 [INFO    ] dandi Traversing remote dandisets (000036) recursively
2020-10-21T21:34:13-0400 [INFO    ] backups2datalad.py Updating metadata file
2020-10-21T21:34:16-0400 [INFO    ] backups2datalad.py Syncing asset /sub-389014/sub-389014_ses-20180705T152908_behavior+image+ophys.nwb
2020-10-21T21:34:16-0400 [INFO    ] backups2datalad.py Asset not in dataset; will copy
2020-10-21T21:34:16-0400 [INFO    ] backups2datalad.py cp /mnt/backup/dandi/dandiarchive-s3-backup/girder-assetstore/10/e6/10e67b327a824265b10a6e6c8bbc33fa -> /mnt/backup/dandi/dandisets/000036/sub-389014/sub-389014_ses-20180705T152908_behavior+image+ophys.nwb
2020-10-21T21:34:53-0400 [INFO    ] backups2datalad.py Adding asset to dataset
2020-10-21T21:35:22-0400 [INFO    ] backups2datalad.py Adding URL https://dandiarchive.s3.amazonaws.com/girder-assetstore/10/e6/10e67b327a824265b10a6e6c8bbc33fa?versionId=9eoyrYIe5eUZlv_RaspC651g.c8JhstB to asset
2020-10-21T21:35:23-0400 [INFO    ] backups2datalad.py Syncing asset /sub-389014/sub-389014_ses-20180706T153828_behavior+image+ophys.nwb
2020-10-21T21:35:24-0400 [INFO    ] backups2datalad.py Asset not in dataset; will copy
2020-10-21T21:35:24-0400 [INFO    ] backups2datalad.py cp /mnt/backup/dandi/dandiarchive-s3-backup/girder-assetstore/d5/6d/d56d25d9eb914ea7a531a90653d79ccd -> /mnt/backup/dandi/dandisets/000036/sub-389014/sub-389014_ses-20180706T153828_behavior+image+ophys.nwb
2020-10-21T21:35:24-0400 [INFO    ] backups2datalad.py Adding asset to dataset
2020-10-21T21:35:33-0400 [INFO    ] backups2datalad.py Adding URL https://dandiarchive.s3.amazonaws.com/girder-assetstore/d5/6d/d56d25d9eb914ea7a531a90653d79ccd?versionId=4EU2RoFDh7e1J7d_fXbSytwLBLJr9k0E to asset
2020-10-21T21:35:33-0400 [INFO    ] backups2datalad.py Syncing asset /sub-389014/sub-389014_ses-20180709T154600_behavior+image+ophys.nwb
2020-10-21T21:35:34-0400 [INFO    ] backups2datalad.py Asset not in dataset; will copy
2020-10-21T21:35:34-0400 [INFO    ] backups2datalad.py cp /mnt/backup/dandi/dandiarchive-s3-backup/girder-assetstore/9c/4a/9c4a72e6348c40c59a73aa22fd25ccd1 -> /mnt/backup/dandi/dandisets/000036/sub-389014/sub-389014_ses-20180709T154600_behavior+image+ophys.nwb
2020-10-21T21:35:35-0400 [INFO    ] backups2datalad.py Adding asset to dataset
2020-10-21T21:35:43-0400 [INFO    ] backups2datalad.py Adding URL https://dandiarchive.s3.amazonaws.com/girder-assetstore/9c/4a/9c4a72e6348c40c59a73aa22fd25ccd1?versionId=YhPytGnvTbqTn6vQvE4wMxi5KGLWeK7_ to asset
2020-10-21T21:35:44-0400 [INFO    ] backups2datalad.py Syncing asset /sub-389014/sub-389014_ses-20180710T153808_behavior+image+ophys.nwb
2020-10-21T21:35:44-0400 [INFO    ] backups2datalad.py Asset not in dataset; will copy
2020-10-21T21:35:44-0400 [INFO    ] backups2datalad.py cp /mnt/backup/dandi/dandiarchive-s3-backup/girder-assetstore/5f/89/5f8976d9935345f29fccc1854083faa7 -> /mnt/backup/dandi/dandisets/000036/sub-389014/sub-389014_ses-20180710T153808_behavior+image+ophys.nwb
2020-10-21T21:35:45-0400 [INFO    ] backups2datalad.py Adding asset to dataset
2020-10-21T21:35:54-0400 [INFO    ] backups2datalad.py Adding URL https://dandiarchive.s3.amazonaws.com/girder-assetstore/5f/89/5f8976d9935345f29fccc1854083faa7?versionId=i04cLmuWWPgHr9OPye4v435Y0B7Qza33 to asset
2020-10-21T21:35:54-0400 [INFO    ] backups2datalad.py Syncing asset /sub-389014/sub-389014_ses-20180711T154332_behavior+image+ophys.nwb
2020-10-21T21:35:54-0400 [INFO    ] backups2datalad.py Asset not in dataset; will copy
2020-10-21T21:35:55-0400 [INFO    ] backups2datalad.py cp /mnt/backup/dandi/dandiarchive-s3-backup/girder-assetstore/32/a5/32a543c3d7124a70a55badabfa7e7b19 -> /mnt/backup/dandi/dandisets/000036/sub-389014/sub-389014_ses-20180711T154332_behavior+image+ophys.nwb
2020-10-21T21:36:03-0400 [INFO    ] backups2datalad.py Adding asset to dataset
2020-10-21T21:36:13-0400 [INFO    ] backups2datalad.py Adding URL https://dandiarchive.s3.amazonaws.com/girder-assetstore/32/a5/32a543c3d7124a70a55badabfa7e7b19?versionId=RfNsVPeooAXasPYcEwJJKoQcBPRp7L3e to asset
2020-10-21T21:36:13-0400 [INFO    ] backups2datalad.py Syncing asset /sub-389014/sub-389014_ses-20180713T154058_behavior+image+ophys.nwb
2020-10-21T21:36:14-0400 [INFO    ] backups2datalad.py Asset not in dataset; will copy
2020-10-21T21:36:14-0400 [INFO    ] backups2datalad.py cp /mnt/backup/dandi/dandiarchive-s3-backup/girder-assetstore/c6/b7/c6b720fa45654582bfca16bd55a96de0 -> /mnt/backup/dandi/dandisets/000036/sub-389014/sub-389014_ses-20180713T154058_behavior+image+ophys.nwb
2020-10-21T21:36:17-0400 [INFO    ] backups2datalad.py Adding asset to dataset
2020-10-21T21:36:25-0400 [INFO    ] backups2datalad.py Adding URL https://dandiarchive.s3.amazonaws.com/girder-assetstore/c6/b7/c6b720fa45654582bfca16bd55a96de0?versionId=Xj0hVRqdRHtRUxTyGjs.CbMqwzwJ0pbe to asset
2020-10-21T21:36:25-0400 [INFO    ] backups2datalad.py Syncing asset /sub-389014/sub-389014_ses-20180716T154015_behavior+image+ophys.nwb
2020-10-21T21:36:26-0400 [INFO    ] backups2datalad.py Asset not in dataset; will copy
2020-10-21T21:36:26-0400 [INFO    ] backups2datalad.py cp /mnt/backup/dandi/dandiarchive-s3-backup/girder-assetstore/fe/f9/fef9255631b9482ebeea9d7446a79d5f -> /mnt/backup/dandi/dandisets/000036/sub-389014/sub-389014_ses-20180716T154015_behavior+image+ophys.nwb
2020-10-21T21:36:26-0400 [INFO    ] backups2datalad.py Adding asset to dataset
2020-10-21T21:36:36-0400 [INFO    ] backups2datalad.py Adding URL https://dandiarchive.s3.amazonaws.com/girder-assetstore/fe/f9/fef9255631b9482ebeea9d7446a79d5f?versionId=cBLc0vxnsNWzg3Y2p1KXvr0RnCBlOTgq to asset
2020-10-21T21:36:36-0400 [INFO    ] backups2datalad.py Syncing asset /sub-389014/sub-389014_ses-20180718T153707_behavior+image+ophys.nwb
2020-10-21T21:36:36-0400 [INFO    ] backups2datalad.py Asset not in dataset; will copy
2020-10-21T21:36:37-0400 [INFO    ] backups2datalad.py cp /mnt/backup/dandi/dandiarchive-s3-backup/girder-assetstore/e4/9e/e49eaeb8323c44339cbff30aaaa52406 -> /mnt/backup/dandi/dandisets/000036/sub-389014/sub-389014_ses-20180718T153707_behavior+image+ophys.nwb
2020-10-21T21:36:40-0400 [INFO    ] backups2datalad.py Adding asset to dataset
2020-10-21T21:36:48-0400 [INFO    ] backups2datalad.py Adding URL https://dandiarchive.s3.amazonaws.com/girder-assetstore/e4/9e/e49eaeb8323c44339cbff30aaaa52406?versionId=e.DPWvwvlImWxQ6eeDiKhaO4WC253ou7 to asset
2020-10-21T21:36:48-0400 [INFO    ] backups2datalad.py Syncing asset /sub-389014/sub-389014_ses-20180723T154111_behavior+image+ophys.nwb
2020-10-21T21:36:49-0400 [INFO    ] backups2datalad.py Asset not in dataset; will copy
2020-10-21T21:36:49-0400 [INFO    ] backups2datalad.py cp /mnt/backup/dandi/dandiarchive-s3-backup/girder-assetstore/ce/4e/ce4e6eeaf9ff4c01958bae670808d924 -> /mnt/backup/dandi/dandisets/000036/sub-389014/sub-389014_ses-20180723T154111_behavior+image+ophys.nwb
2020-10-21T21:36:49-0400 [INFO    ] backups2datalad.py Adding asset to dataset
2020-10-21T21:36:57-0400 [INFO    ] backups2datalad.py Adding URL https://dandiarchive.s3.amazonaws.com/girder-assetstore/ce/4e/ce4e6eeaf9ff4c01958bae670808d924?versionId=QkEksfiqXNojMrmk3YwQzw4xhUhykhUa to asset
2020-10-21T21:36:58-0400 [INFO    ] backups2datalad.py Syncing asset /sub-389014/sub-389014_ses-20180724T154216_behavior+image+ophys.nwb
2020-10-21T21:36:58-0400 [INFO    ] backups2datalad.py Asset not in dataset; will copy
2020-10-21T21:36:58-0400 [INFO    ] backups2datalad.py cp /mnt/backup/dandi/dandiarchive-s3-backup/girder-assetstore/63/71/6371a1a91b96495493a521526ea3c39d -> /mnt/backup/dandi/dandisets/000036/sub-389014/sub-389014_ses-20180724T154216_behavior+image+ophys.nwb
2020-10-21T21:36:59-0400 [INFO    ] backups2datalad.py Adding asset to dataset
2020-10-21T21:37:07-0400 [INFO    ] backups2datalad.py Adding URL https://dandiarchive.s3.amazonaws.com/girder-assetstore/63/71/6371a1a91b96495493a521526ea3c39d?versionId=jeMgivPem0koZR_yo.N30wN0sNRTBqmJ to asset
2020-10-21T21:37:08-0400 [INFO    ] backups2datalad.py Syncing asset /sub-389020/sub-389020_ses-20180705T155914_behavior+image+ophys.nwb
2020-10-21T21:37:08-0400 [INFO    ] backups2datalad.py Asset not in dataset; will copy
2020-10-21T21:37:08-0400 [INFO    ] backups2datalad.py cp /mnt/backup/dandi/dandiarchive-s3-backup/girder-assetstore/60/5b/605b650495dc4df58c370d5c7aa266bc -> /mnt/backup/dandi/dandisets/000036/sub-389020/sub-389020_ses-20180705T155914_behavior+image+ophys.nwb
2020-10-21T21:37:24-0400 [INFO    ] backups2datalad.py Adding asset to dataset
2020-10-21T21:37:35-0400 [INFO    ] backups2datalad.py Adding URL https://dandiarchive.s3.amazonaws.com/girder-assetstore/60/5b/605b650495dc4df58c370d5c7aa266bc?versionId=W3GA7Y0zjxCi6NsOHMV.9dfjI2Meidcb to asset
2020-10-21T21:37:36-0400 [INFO    ] backups2datalad.py Syncing asset /sub-389020/sub-389020_ses-20180706T152613_behavior+image+ophys.nwb
2020-10-21T21:37:36-0400 [INFO    ] backups2datalad.py Asset not in dataset; will copy
2020-10-21T21:37:36-0400 [INFO    ] backups2datalad.py cp /mnt/backup/dandi/dandiarchive-s3-backup/girder-assetstore/75/e1/75e1096a64df4871a5f3a0bd365bcafa -> /mnt/backup/dandi/dandisets/000036/sub-389020/sub-389020_ses-20180706T152613_behavior+image+ophys.nwb
2020-10-21T21:37:40-0400 [INFO    ] backups2datalad.py Adding asset to dataset
2020-10-21T21:37:52-0400 [INFO    ] backups2datalad.py Adding URL https://dandiarchive.s3.amazonaws.com/girder-assetstore/75/e1/75e1096a64df4871a5f3a0bd365bcafa?versionId=aEuqh.UM0o5f.w1q0fI_kWOetnVQXGMP to asset
2020-10-21T21:37:52-0400 [INFO    ] backups2datalad.py Syncing asset /sub-389020/sub-389020_ses-20180709T153218_behavior+image+ophys.nwb
2020-10-21T21:37:53-0400 [INFO    ] backups2datalad.py Asset not in dataset; will copy
2020-10-21T21:37:53-0400 [INFO    ] backups2datalad.py cp /mnt/backup/dandi/dandiarchive-s3-backup/girder-assetstore/4d/57/4d5796923de64c268528af01c87bba52 -> /mnt/backup/dandi/dandisets/000036/sub-389020/sub-389020_ses-20180709T153218_behavior+image+ophys.nwb
2020-10-21T21:37:54-0400 [INFO    ] backups2datalad.py Adding asset to dataset
2020-10-21T21:38:03-0400 [INFO    ] backups2datalad.py Adding URL https://dandiarchive.s3.amazonaws.com/girder-assetstore/4d/57/4d5796923de64c268528af01c87bba52?versionId=tDMO7o931gfN0ZkxwXxBGUKJp.V8tJay to asset
2020-10-21T21:38:03-0400 [INFO    ] backups2datalad.py Syncing asset /sub-389020/sub-389020_ses-20180710T152650_behavior+image+ophys.nwb
2020-10-21T21:38:03-0400 [INFO    ] backups2datalad.py Asset not in dataset; will copy
2020-10-21T21:38:03-0400 [INFO    ] backups2datalad.py cp /mnt/backup/dandi/dandiarchive-s3-backup/girder-assetstore/7e/8c/7e8c7c27152f413a9e6514a98e597e6b -> /mnt/backup/dandi/dandisets/000036/sub-389020/sub-389020_ses-20180710T152650_behavior+image+ophys.nwb
2020-10-21T21:38:05-0400 [INFO    ] backups2datalad.py Adding asset to dataset
2020-10-21T21:38:13-0400 [INFO    ] backups2datalad.py Adding URL https://dandiarchive.s3.amazonaws.com/girder-assetstore/7e/8c/7e8c7c27152f413a9e6514a98e597e6b?versionId=gBjT8LtGIP167EVWoebDMzbwVStPX.Hr to asset
2020-10-21T21:38:14-0400 [INFO    ] backups2datalad.py Syncing asset /sub-389020/sub-389020_ses-20180711T152912_behavior+image+ophys.nwb
2020-10-21T21:38:14-0400 [INFO    ] backups2datalad.py Asset not in dataset; will copy
2020-10-21T21:38:14-0400 [INFO    ] backups2datalad.py cp /mnt/backup/dandi/dandiarchive-s3-backup/girder-assetstore/c1/79/c179e4ce029342358893ea23725fa2c2 -> /mnt/backup/dandi/dandisets/000036/sub-389020/sub-389020_ses-20180711T152912_behavior+image+ophys.nwb
2020-10-21T21:38:14-0400 [INFO    ] backups2datalad.py Adding asset to dataset
2020-10-21T21:38:24-0400 [INFO    ] backups2datalad.py Adding URL https://dandiarchive.s3.amazonaws.com/girder-assetstore/c1/79/c179e4ce029342358893ea23725fa2c2?versionId=RNfABFYps547lykXLvUHSspfCjs5_7tK to asset
2020-10-21T21:38:24-0400 [INFO    ] backups2datalad.py Syncing asset /sub-389020/sub-389020_ses-20180713T153905_behavior+image+ophys.nwb
2020-10-21T21:38:24-0400 [INFO    ] backups2datalad.py Asset not in dataset; will copy
2020-10-21T21:38:24-0400 [INFO    ] backups2datalad.py cp /mnt/backup/dandi/dandiarchive-s3-backup/girder-assetstore/7a/28/7a2892e6b72b467e84b48697d2014a69 -> /mnt/backup/dandi/dandisets/000036/sub-389020/sub-389020_ses-20180713T153905_behavior+image+ophys.nwb
2020-10-21T21:38:28-0400 [INFO    ] backups2datalad.py Adding asset to dataset
2020-10-21T21:38:37-0400 [INFO    ] backups2datalad.py Adding URL https://dandiarchive.s3.amazonaws.com/girder-assetstore/7a/28/7a2892e6b72b467e84b48697d2014a69?versionId=_e5z45hdvL21cqAcaDnGgVDAIi5wHFnj to asset
2020-10-21T21:38:37-0400 [INFO    ] backups2datalad.py Syncing asset /sub-389020/sub-389020_ses-20180716T152622_behavior+image+ophys.nwb
2020-10-21T21:38:38-0400 [INFO    ] backups2datalad.py Asset not in dataset; will copy
2020-10-21T21:38:38-0400 [INFO    ] backups2datalad.py cp /mnt/backup/dandi/dandiarchive-s3-backup/girder-assetstore/17/86/178656473046480ba170fa804c0660f4 -> /mnt/backup/dandi/dandisets/000036/sub-389020/sub-389020_ses-20180716T152622_behavior+image+ophys.nwb
2020-10-21T21:38:39-0400 [INFO    ] backups2datalad.py Adding asset to dataset
2020-10-21T21:38:47-0400 [INFO    ] backups2datalad.py Adding URL https://dandiarchive.s3.amazonaws.com/girder-assetstore/17/86/178656473046480ba170fa804c0660f4?versionId=8WlKTGWJJDFr9lUjvVlrhlhQ.HsOqtHo to asset
2020-10-21T21:38:48-0400 [INFO    ] backups2datalad.py Syncing asset /sub-389020/sub-389020_ses-20180717T152348_behavior+image+ophys.nwb
2020-10-21T21:38:48-0400 [INFO    ] backups2datalad.py Asset not in dataset; will copy
2020-10-21T21:38:48-0400 [INFO    ] backups2datalad.py cp /mnt/backup/dandi/dandiarchive-s3-backup/girder-assetstore/36/1b/361b5b6e3a47483ab048fe30116ebe08 -> /mnt/backup/dandi/dandisets/000036/sub-389020/sub-389020_ses-20180717T152348_behavior+image+ophys.nwb
2020-10-21T21:38:49-0400 [INFO    ] backups2datalad.py Adding asset to dataset
2020-10-21T21:38:57-0400 [INFO    ] backups2datalad.py Adding URL https://dandiarchive.s3.amazonaws.com/girder-assetstore/36/1b/361b5b6e3a47483ab048fe30116ebe08?versionId=fbS3bsUWcDz9OwuFHE52U80QpEVS1Un5 to asset
2020-10-21T21:38:58-0400 [INFO    ] backups2datalad.py Syncing asset /sub-389020/sub-389020_ses-20180718T152401_behavior+image+ophys.nwb
2020-10-21T21:38:58-0400 [INFO    ] backups2datalad.py Asset not in dataset; will copy
2020-10-21T21:38:58-0400 [INFO    ] backups2datalad.py cp /mnt/backup/dandi/dandiarchive-s3-backup/girder-assetstore/81/72/81729d31b0ec45429cdb1f9415779160 -> /mnt/backup/dandi/dandisets/000036/sub-389020/sub-389020_ses-20180718T152401_behavior+image+ophys.nwb
2020-10-21T21:38:59-0400 [INFO    ] backups2datalad.py Adding asset to dataset
2020-10-21T21:39:08-0400 [INFO    ] backups2datalad.py Adding URL https://dandiarchive.s3.amazonaws.com/girder-assetstore/81/72/81729d31b0ec45429cdb1f9415779160?versionId=sXgI.T.TcZUUUWNWyHSBsMnUhE7o79YN to asset
2020-10-21T21:39:08-0400 [INFO    ] backups2datalad.py Syncing asset /sub-389020/sub-389020_ses-20180723T152916_behavior+image+ophys.nwb
2020-10-21T21:39:08-0400 [INFO    ] backups2datalad.py Asset not in dataset; will copy
2020-10-21T21:39:08-0400 [INFO    ] backups2datalad.py cp /mnt/backup/dandi/dandiarchive-s3-backup/girder-assetstore/75/5e/755ee00fd07a4c599ba48b2edfc49f43 -> /mnt/backup/dandi/dandisets/000036/sub-389020/sub-389020_ses-20180723T152916_behavior+image+ophys.nwb
2020-10-21T21:39:09-0400 [INFO    ] backups2datalad.py Adding asset to dataset
2020-10-21T21:39:18-0400 [INFO    ] backups2datalad.py Adding URL https://dandiarchive.s3.amazonaws.com/girder-assetstore/75/5e/755ee00fd07a4c599ba48b2edfc49f43?versionId=wCXdzkw5F4CEQvCZ5O0XI78j1eEK7j6D to asset
2020-10-21T21:39:18-0400 [INFO    ] backups2datalad.py Syncing asset /sub-390958/sub-390958_ses-20180705T171438_behavior+image+ophys.nwb
2020-10-21T21:39:19-0400 [INFO    ] backups2datalad.py Asset not in dataset; will copy
2020-10-21T21:39:19-0400 [INFO    ] backups2datalad.py cp /mnt/backup/dandi/dandiarchive-s3-backup/girder-assetstore/1c/68/1c685417f5484176955221d6cdab99c2 -> /mnt/backup/dandi/dandisets/000036/sub-390958/sub-390958_ses-20180705T171438_behavior+image+ophys.nwb
2020-10-21T21:39:37-0400 [INFO    ] backups2datalad.py Adding asset to dataset
2020-10-21T21:39:56-0400 [INFO    ] backups2datalad.py Adding URL https://dandiarchive.s3.amazonaws.com/girder-assetstore/1c/68/1c685417f5484176955221d6cdab99c2?versionId=gy4KGWCqmDr8EhlC_rUR_V5ik.JCqHTU to asset
2020-10-21T21:39:56-0400 [INFO    ] backups2datalad.py Syncing asset /sub-390958/sub-390958_ses-20180709T200603_behavior+image+ophys.nwb
2020-10-21T21:39:57-0400 [INFO    ] backups2datalad.py Asset not in dataset; will copy
2020-10-21T21:39:57-0400 [INFO    ] backups2datalad.py cp /mnt/backup/dandi/dandiarchive-s3-backup/girder-assetstore/f9/55/f95569b6707f428191525366a03e2565 -> /mnt/backup/dandi/dandisets/000036/sub-390958/sub-390958_ses-20180709T200603_behavior+image+ophys.nwb
2020-10-21T21:39:58-0400 [INFO    ] backups2datalad.py Adding asset to dataset
2020-10-21T21:40:07-0400 [INFO    ] backups2datalad.py Adding URL https://dandiarchive.s3.amazonaws.com/girder-assetstore/f9/55/f95569b6707f428191525366a03e2565?versionId=PFmcymKDDHMXj6B7Hy_I0WjtC2pBfO1r to asset
2020-10-21T21:40:07-0400 [INFO    ] backups2datalad.py Syncing asset /sub-390958/sub-390958_ses-20180710T190735_behavior+image+ophys.nwb
2020-10-21T21:40:07-0400 [INFO    ] backups2datalad.py Asset not in dataset; will copy
2020-10-21T21:40:07-0400 [INFO    ] backups2datalad.py cp /mnt/backup/dandi/dandiarchive-s3-backup/girder-assetstore/47/ac/47aceab78b474b18b510ca5b5e986d41 -> /mnt/backup/dandi/dandisets/000036/sub-390958/sub-390958_ses-20180710T190735_behavior+image+ophys.nwb
2020-10-21T21:40:09-0400 [INFO    ] backups2datalad.py Adding asset to dataset
2020-10-21T21:40:21-0400 [INFO    ] backups2datalad.py Adding URL https://dandiarchive.s3.amazonaws.com/girder-assetstore/47/ac/47aceab78b474b18b510ca5b5e986d41?versionId=N05FAQunH4tVFVwSmg6rPQTGvVNGe8aX to asset
2020-10-21T21:40:21-0400 [INFO    ] backups2datalad.py Syncing asset /sub-390958/sub-390958_ses-20180711T194424_behavior+image+ophys.nwb
2020-10-21T21:40:22-0400 [INFO    ] backups2datalad.py Asset not in dataset; will copy
2020-10-21T21:40:22-0400 [INFO    ] backups2datalad.py cp /mnt/backup/dandi/dandiarchive-s3-backup/girder-assetstore/a7/23/a7236b9fc2cc44318d4cf3616731b439 -> /mnt/backup/dandi/dandisets/000036/sub-390958/sub-390958_ses-20180711T194424_behavior+image+ophys.nwb
2020-10-21T21:40:23-0400 [INFO    ] backups2datalad.py Adding asset to dataset
2020-10-21T21:40:33-0400 [INFO    ] backups2datalad.py Adding URL https://dandiarchive.s3.amazonaws.com/girder-assetstore/a7/23/a7236b9fc2cc44318d4cf3616731b439?versionId=crfMAyO3o5PDZXHubf8q0Q6YDSKzzYEh to asset
2020-10-21T21:40:33-0400 [INFO    ] backups2datalad.py Syncing asset /sub-390958/sub-390958_ses-20180712T175204_behavior+image+ophys.nwb
2020-10-21T21:40:34-0400 [INFO    ] backups2datalad.py Asset not in dataset; will copy
2020-10-21T21:40:34-0400 [INFO    ] backups2datalad.py cp /mnt/backup/dandi/dandiarchive-s3-backup/girder-assetstore/11/a7/11a723a18bae41c8b059d31b00ca26fb -> /mnt/backup/dandi/dandisets/000036/sub-390958/sub-390958_ses-20180712T175204_behavior+image+ophys.nwb
2020-10-21T21:40:34-0400 [INFO    ] backups2datalad.py Adding asset to dataset
2020-10-21T21:40:44-0400 [INFO    ] backups2datalad.py Adding URL https://dandiarchive.s3.amazonaws.com/girder-assetstore/11/a7/11a723a18bae41c8b059d31b00ca26fb?versionId=EXEqZTwYW9r81lqJTKiMMslSkb3.1bX3 to asset
2020-10-21T21:40:45-0400 [INFO    ] backups2datalad.py Syncing asset /sub-392392/sub-392392_ses-20180712T160546_behavior+image+ophys.nwb
2020-10-21T21:40:45-0400 [INFO    ] backups2datalad.py Asset not in dataset; will copy
2020-10-21T21:40:45-0400 [INFO    ] backups2datalad.py cp /mnt/backup/dandi/dandiarchive-s3-backup/girder-assetstore/e0/83/e083177344014056af772f0cd11329cd -> /mnt/backup/dandi/dandisets/000036/sub-392392/sub-392392_ses-20180712T160546_behavior+image+ophys.nwb
2020-10-21T21:40:46-0400 [INFO    ] backups2datalad.py Adding asset to dataset
2020-10-21T21:40:57-0400 [INFO    ] backups2datalad.py Adding URL https://dandiarchive.s3.amazonaws.com/girder-assetstore/e0/83/e083177344014056af772f0cd11329cd?versionId=xxAnV8AsIGI8Sq4zssupiKI5z3VrNYKO to asset
2020-10-21T21:40:57-0400 [INFO    ] backups2datalad.py Syncing asset /sub-392392/sub-392392_ses-20180716T175039_behavior+image+ophys.nwb
2020-10-21T21:40:58-0400 [INFO    ] backups2datalad.py Asset not in dataset; will copy
2020-10-21T21:40:58-0400 [INFO    ] backups2datalad.py cp /mnt/backup/dandi/dandiarchive-s3-backup/girder-assetstore/88/22/8822ba533ef540edb85e538ecc168c92 -> /mnt/backup/dandi/dandisets/000036/sub-392392/sub-392392_ses-20180716T175039_behavior+image+ophys.nwb
2020-10-21T21:40:58-0400 [INFO    ] backups2datalad.py Adding asset to dataset
2020-10-21T21:41:08-0400 [INFO    ] backups2datalad.py Adding URL https://dandiarchive.s3.amazonaws.com/girder-assetstore/88/22/8822ba533ef540edb85e538ecc168c92?versionId=26qyiQoJCh0xUYvZYUxUpjbRGR6tVWTF to asset
2020-10-21T21:41:08-0400 [INFO    ] backups2datalad.py Syncing asset /sub-392392/sub-392392_ses-20180717T175459_behavior+image+ophys.nwb
2020-10-21T21:41:08-0400 [INFO    ] backups2datalad.py Asset not in dataset; will copy
2020-10-21T21:41:08-0400 [INFO    ] backups2datalad.py cp /mnt/backup/dandi/dandiarchive-s3-backup/girder-assetstore/bd/a7/bda73cc8a1a141c5b644d9dd1412182f -> /mnt/backup/dandi/dandisets/000036/sub-392392/sub-392392_ses-20180717T175459_behavior+image+ophys.nwb
2020-10-21T21:41:09-0400 [INFO    ] backups2datalad.py Adding asset to dataset
2020-10-21T21:41:18-0400 [INFO    ] backups2datalad.py Adding URL https://dandiarchive.s3.amazonaws.com/girder-assetstore/bd/a7/bda73cc8a1a141c5b644d9dd1412182f?versionId=JIg28rSz8.ldesKxhfK_okjQAX6PyKwy to asset
2020-10-21T21:41:18-0400 [INFO    ] backups2datalad.py Syncing asset /sub-392392/sub-392392_ses-20180718T174405_behavior+image+ophys.nwb
2020-10-21T21:41:19-0400 [INFO    ] backups2datalad.py Asset not in dataset; will copy
2020-10-21T21:41:19-0400 [INFO    ] backups2datalad.py cp /mnt/backup/dandi/dandiarchive-s3-backup/girder-assetstore/23/4a/234a19f533bb4cca9111c981ff3b51de -> /mnt/backup/dandi/dandisets/000036/sub-392392/sub-392392_ses-20180718T174405_behavior+image+ophys.nwb
2020-10-21T21:41:20-0400 [INFO    ] backups2datalad.py Adding asset to dataset
2020-10-21T21:41:28-0400 [INFO    ] backups2datalad.py Adding URL https://dandiarchive.s3.amazonaws.com/girder-assetstore/23/4a/234a19f533bb4cca9111c981ff3b51de?versionId=_h9VwuJpYgx9nwZJGQJxa2DwDdI5SvIe to asset
2020-10-21T21:41:28-0400 [INFO    ] backups2datalad.py Syncing asset /sub-392392/sub-392392_ses-20180719T164503_behavior+image+ophys.nwb
2020-10-21T21:41:29-0400 [INFO    ] backups2datalad.py Asset not in dataset; will copy
2020-10-21T21:41:29-0400 [INFO    ] backups2datalad.py cp /mnt/backup/dandi/dandiarchive-s3-backup/girder-assetstore/2b/02/2b027a868a544c0aa7308a94f95674df -> /mnt/backup/dandi/dandisets/000036/sub-392392/sub-392392_ses-20180719T164503_behavior+image+ophys.nwb
2020-10-21T21:41:29-0400 [INFO    ] backups2datalad.py Adding asset to dataset
2020-10-21T21:41:37-0400 [INFO    ] backups2datalad.py Adding URL https://dandiarchive.s3.amazonaws.com/girder-assetstore/2b/02/2b027a868a544c0aa7308a94f95674df?versionId=LFpd1E_Q9wPsCccdZAi6lT0jt_zOl4EY to asset
2020-10-21T21:41:37-0400 [INFO    ] backups2datalad.py Syncing asset /sub-395480/sub-395480_ses-20180724T175153_behavior+image+ophys.nwb
2020-10-21T21:41:38-0400 [INFO    ] backups2datalad.py Asset not in dataset; will copy
2020-10-21T21:41:38-0400 [INFO    ] backups2datalad.py cp /mnt/backup/dandi/dandiarchive-s3-backup/girder-assetstore/3d/9e/3d9e46a663414b4ca2d64f33b87f5bcb -> /mnt/backup/dandi/dandisets/000036/sub-395480/sub-395480_ses-20180724T175153_behavior+image+ophys.nwb
2020-10-21T21:41:38-0400 [INFO    ] backups2datalad.py Adding asset to dataset
2020-10-21T21:41:47-0400 [INFO    ] backups2datalad.py Adding URL https://dandiarchive.s3.amazonaws.com/girder-assetstore/3d/9e/3d9e46a663414b4ca2d64f33b87f5bcb?versionId=yKIOHweXCOjz0dgmSRNBLKae0gPCJiiW to asset
2020-10-21T21:41:48-0400 [INFO    ] backups2datalad.py Syncing asset /sub-395480/sub-395480_ses-20180725T171120_behavior+image+ophys.nwb
2020-10-21T21:41:48-0400 [INFO    ] backups2datalad.py Asset not in dataset; will copy
2020-10-21T21:41:48-0400 [INFO    ] backups2datalad.py cp /mnt/backup/dandi/dandiarchive-s3-backup/girder-assetstore/bb/3c/bb3c0221982a4a53aec3871556bb93f9 -> /mnt/backup/dandi/dandisets/000036/sub-395480/sub-395480_ses-20180725T171120_behavior+image+ophys.nwb
2020-10-21T21:41:49-0400 [INFO    ] backups2datalad.py Adding asset to dataset
2020-10-21T21:41:58-0400 [INFO    ] backups2datalad.py Adding URL https://dandiarchive.s3.amazonaws.com/girder-assetstore/bb/3c/bb3c0221982a4a53aec3871556bb93f9?versionId=2_d1a.tjpf1dNKq0rvIcZalOm5W4Ib7Y to asset
2020-10-21T21:41:58-0400 [INFO    ] backups2datalad.py Syncing asset /sub-395480/sub-395480_ses-20180730T180257_behavior+image+ophys.nwb
2020-10-21T21:41:58-0400 [INFO    ] backups2datalad.py Asset not in dataset; will copy
2020-10-21T21:41:58-0400 [INFO    ] backups2datalad.py cp /mnt/backup/dandi/dandiarchive-s3-backup/girder-assetstore/4d/fe/4dfe0da0d5cf401783de3962f6a2d602 -> /mnt/backup/dandi/dandisets/000036/sub-395480/sub-395480_ses-20180730T180257_behavior+image+ophys.nwb
2020-10-21T21:41:59-0400 [INFO    ] backups2datalad.py Adding asset to dataset
2020-10-21T21:42:08-0400 [INFO    ] backups2datalad.py Adding URL https://dandiarchive.s3.amazonaws.com/girder-assetstore/4d/fe/4dfe0da0d5cf401783de3962f6a2d602?versionId=fxFsbd1NtElTfs.AOKLV3oBdwVRD3YF5 to asset
2020-10-21T21:42:08-0400 [INFO    ] backups2datalad.py Syncing asset /sub-395480/sub-395480_ses-20180731T175356_behavior+image+ophys.nwb
2020-10-21T21:42:08-0400 [INFO    ] backups2datalad.py Asset not in dataset; will copy
2020-10-21T21:42:08-0400 [INFO    ] backups2datalad.py cp /mnt/backup/dandi/dandiarchive-s3-backup/girder-assetstore/43/4e/434e6c50df7041b9a65c88aec1fa791d -> /mnt/backup/dandi/dandisets/000036/sub-395480/sub-395480_ses-20180731T175356_behavior+image+ophys.nwb
2020-10-21T21:42:10-0400 [INFO    ] backups2datalad.py Adding asset to dataset
2020-10-21T21:42:18-0400 [INFO    ] backups2datalad.py Adding URL https://dandiarchive.s3.amazonaws.com/girder-assetstore/43/4e/434e6c50df7041b9a65c88aec1fa791d?versionId=glfl1BeLkTbnuPKzYU6Faj4GDeK1t0X2 to asset
2020-10-21T21:42:19-0400 [INFO    ] backups2datalad.py Syncing asset /sub-395480/sub-395480_ses-20180801T172922_behavior+image+ophys.nwb
2020-10-21T21:42:19-0400 [INFO    ] backups2datalad.py Asset not in dataset; will copy
2020-10-21T21:42:19-0400 [INFO    ] backups2datalad.py cp /mnt/backup/dandi/dandiarchive-s3-backup/girder-assetstore/5d/5e/5d5e3eb1c73a479fa6beccaeb2335f1b -> /mnt/backup/dandi/dandisets/000036/sub-395480/sub-395480_ses-20180801T172922_behavior+image+ophys.nwb
2020-10-21T21:42:21-0400 [INFO    ] backups2datalad.py Adding asset to dataset
2020-10-21T21:42:29-0400 [INFO    ] backups2datalad.py Adding URL https://dandiarchive.s3.amazonaws.com/girder-assetstore/5d/5e/5d5e3eb1c73a479fa6beccaeb2335f1b?versionId=P_jaY0PKn52OzJWQcy2s7ZXcJt2xEAZH to asset
2020-10-21T21:42:29-0400 [INFO    ] backups2datalad.py Syncing asset /sub-395480/sub-395480_ses-20180802T173850_behavior+image+ophys.nwb
2020-10-21T21:42:30-0400 [INFO    ] backups2datalad.py Asset not in dataset; will copy
2020-10-21T21:42:30-0400 [INFO    ] backups2datalad.py cp /mnt/backup/dandi/dandiarchive-s3-backup/girder-assetstore/e6/49/e64947827360421a928703d6b19e08d2 -> /mnt/backup/dandi/dandisets/000036/sub-395480/sub-395480_ses-20180802T173850_behavior+image+ophys.nwb
2020-10-21T21:42:32-0400 [INFO    ] backups2datalad.py Adding asset to dataset
2020-10-21T21:42:41-0400 [INFO    ] backups2datalad.py Adding URL https://dandiarchive.s3.amazonaws.com/girder-assetstore/e6/49/e64947827360421a928703d6b19e08d2?versionId=t.vhfPeCEFUGBG841iAmbp0Vca5tvha6 to asset
2020-10-21T21:42:41-0400 [INFO    ] backups2datalad.py Syncing asset /sub-395481/sub-395481_ses-20180725T154856_behavior+image+ophys.nwb
2020-10-21T21:42:41-0400 [INFO    ] backups2datalad.py Asset not in dataset; will copy
2020-10-21T21:42:42-0400 [INFO    ] backups2datalad.py cp /mnt/backup/dandi/dandiarchive-s3-backup/girder-assetstore/b8/b3/b8b32afe7bcf4be5bf17c9cdfed23f2f -> /mnt/backup/dandi/dandisets/000036/sub-395481/sub-395481_ses-20180725T154856_behavior+image+ophys.nwb
2020-10-21T21:42:43-0400 [INFO    ] backups2datalad.py Adding asset to dataset
2020-10-21T21:42:51-0400 [INFO    ] backups2datalad.py Adding URL https://dandiarchive.s3.amazonaws.com/girder-assetstore/b8/b3/b8b32afe7bcf4be5bf17c9cdfed23f2f?versionId=YjmMThuWeHnwmXJDo.4SunlP62O8s39m to asset
2020-10-21T21:42:51-0400 [INFO    ] backups2datalad.py Syncing asset /sub-395481/sub-395481_ses-20180726T153601_behavior+image+ophys.nwb
2020-10-21T21:42:52-0400 [INFO    ] backups2datalad.py Asset not in dataset; will copy
2020-10-21T21:42:52-0400 [INFO    ] backups2datalad.py cp /mnt/backup/dandi/dandiarchive-s3-backup/girder-assetstore/68/9b/689b0dc5fccc4df6afd02cd4c91f72f6 -> /mnt/backup/dandi/dandisets/000036/sub-395481/sub-395481_ses-20180726T153601_behavior+image+ophys.nwb
2020-10-21T21:42:53-0400 [INFO    ] backups2datalad.py Adding asset to dataset
2020-10-21T21:43:03-0400 [INFO    ] backups2datalad.py Adding URL https://dandiarchive.s3.amazonaws.com/girder-assetstore/68/9b/689b0dc5fccc4df6afd02cd4c91f72f6?versionId=sj5cbnxnleqQk9PPyHqV0N1neTnVwLgq to asset
2020-10-21T21:43:04-0400 [INFO    ] backups2datalad.py Syncing asset /sub-395481/sub-395481_ses-20180730T152546_behavior+image+ophys.nwb
2020-10-21T21:43:04-0400 [INFO    ] backups2datalad.py Asset not in dataset; will copy
2020-10-21T21:43:04-0400 [INFO    ] backups2datalad.py cp /mnt/backup/dandi/dandiarchive-s3-backup/girder-assetstore/9d/8a/9d8a8dc4c1474ad0b9020ff8219df97c -> /mnt/backup/dandi/dandisets/000036/sub-395481/sub-395481_ses-20180730T152546_behavior+image+ophys.nwb
2020-10-21T21:43:08-0400 [INFO    ] backups2datalad.py Adding asset to dataset
2020-10-21T21:43:18-0400 [INFO    ] backups2datalad.py Adding URL https://dandiarchive.s3.amazonaws.com/girder-assetstore/9d/8a/9d8a8dc4c1474ad0b9020ff8219df97c?versionId=FLeGS5DRzbTVEnIGzVFc9MAhqqsAY5nG to asset
2020-10-21T21:43:18-0400 [INFO    ] backups2datalad.py Syncing asset /sub-395481/sub-395481_ses-20180807T152634_behavior+image+ophys.nwb
2020-10-21T21:43:19-0400 [INFO    ] backups2datalad.py Asset not in dataset; will copy
2020-10-21T21:43:19-0400 [INFO    ] backups2datalad.py cp /mnt/backup/dandi/dandiarchive-s3-backup/girder-assetstore/20/e0/20e0c07a2d674a32b63b78d90d4f82cd -> /mnt/backup/dandi/dandisets/000036/sub-395481/sub-395481_ses-20180807T152634_behavior+image+ophys.nwb
2020-10-21T21:43:19-0400 [INFO    ] backups2datalad.py Adding asset to dataset
2020-10-21T21:43:29-0400 [INFO    ] backups2datalad.py Adding URL https://dandiarchive.s3.amazonaws.com/girder-assetstore/20/e0/20e0c07a2d674a32b63b78d90d4f82cd?versionId=DCo9cxYzKuXAqdIotCSJOlcUWwJJ5C5o to asset
2020-10-21T21:43:30-0400 [INFO    ] backups2datalad.py Syncing asset /sub-402796/sub-402796_ses-20180824T201109_behavior+image+ophys.nwb
2020-10-21T21:43:30-0400 [INFO    ] backups2datalad.py Asset not in dataset; will copy
2020-10-21T21:43:30-0400 [INFO    ] backups2datalad.py cp /mnt/backup/dandi/dandiarchive-s3-backup/girder-assetstore/ba/a9/baa9c35b3144458b8c6346ba70142901 -> /mnt/backup/dandi/dandisets/000036/sub-402796/sub-402796_ses-20180824T201109_behavior+image+ophys.nwb
2020-10-21T21:43:31-0400 [INFO    ] backups2datalad.py Adding asset to dataset
2020-10-21T21:43:39-0400 [INFO    ] backups2datalad.py Adding URL https://dandiarchive.s3.amazonaws.com/girder-assetstore/ba/a9/baa9c35b3144458b8c6346ba70142901?versionId=hpPsIeh5A_QeEZEQaAibF.GIMNxoij1E to asset
2020-10-21T21:43:40-0400 [INFO    ] backups2datalad.py Syncing asset /sub-402796/sub-402796_ses-20180827T230250_behavior+image+ophys.nwb
2020-10-21T21:43:40-0400 [INFO    ] backups2datalad.py Asset not in dataset; will copy
2020-10-21T21:43:40-0400 [INFO    ] backups2datalad.py cp /mnt/backup/dandi/dandiarchive-s3-backup/girder-assetstore/04/e2/04e26454d5874194a91fd5c9676addf0 -> /mnt/backup/dandi/dandisets/000036/sub-402796/sub-402796_ses-20180827T230250_behavior+image+ophys.nwb
2020-10-21T21:43:40-0400 [INFO    ] backups2datalad.py Adding asset to dataset
2020-10-21T21:43:49-0400 [INFO    ] backups2datalad.py Adding URL https://dandiarchive.s3.amazonaws.com/girder-assetstore/04/e2/04e26454d5874194a91fd5c9676addf0?versionId=BQty0G_N.IbPqt_qkcWYZmBbxhQl9NFv to asset
2020-10-21T21:43:49-0400 [INFO    ] backups2datalad.py Syncing asset /sub-402796/sub-402796_ses-20180828T210208_behavior+image+ophys.nwb
2020-10-21T21:43:49-0400 [INFO    ] backups2datalad.py Asset not in dataset; will copy
2020-10-21T21:43:49-0400 [INFO    ] backups2datalad.py cp /mnt/backup/dandi/dandiarchive-s3-backup/girder-assetstore/6c/ae/6caeffcc05564ac0a5a7e41b0e863655 -> /mnt/backup/dandi/dandisets/000036/sub-402796/sub-402796_ses-20180828T210208_behavior+image+ophys.nwb
2020-10-21T21:43:50-0400 [INFO    ] backups2datalad.py Adding asset to dataset
2020-10-21T21:43:59-0400 [INFO    ] backups2datalad.py Adding URL https://dandiarchive.s3.amazonaws.com/girder-assetstore/6c/ae/6caeffcc05564ac0a5a7e41b0e863655?versionId=1NeM0MqxYTASB7CE5tPsvqKUB7zT1SyZ to asset
2020-10-21T21:43:59-0400 [INFO    ] backups2datalad.py Syncing asset /sub-402796/sub-402796_ses-20180829T211909_behavior+image+ophys.nwb
2020-10-21T21:43:59-0400 [INFO    ] backups2datalad.py Asset not in dataset; will copy
2020-10-21T21:43:59-0400 [INFO    ] backups2datalad.py cp /mnt/backup/dandi/dandiarchive-s3-backup/girder-assetstore/a4/0e/a40ed1ae161f4beaa0fdb2e9fddb4fe7 -> /mnt/backup/dandi/dandisets/000036/sub-402796/sub-402796_ses-20180829T211909_behavior+image+ophys.nwb
2020-10-21T21:44:00-0400 [INFO    ] backups2datalad.py Adding asset to dataset
2020-10-21T21:44:08-0400 [INFO    ] backups2datalad.py Adding URL https://dandiarchive.s3.amazonaws.com/girder-assetstore/a4/0e/a40ed1ae161f4beaa0fdb2e9fddb4fe7?versionId=NcKx2sYX1Lo_5fBLnevNSAo5viG6FiGA to asset
2020-10-21T21:44:09-0400 [INFO    ] backups2datalad.py Syncing asset /sub-402796/sub-402796_ses-20180831T004642_behavior+image+ophys.nwb
2020-10-21T21:44:09-0400 [INFO    ] backups2datalad.py Asset not in dataset; will copy
2020-10-21T21:44:09-0400 [INFO    ] backups2datalad.py cp /mnt/backup/dandi/dandiarchive-s3-backup/girder-assetstore/38/3b/383bb872f4ff4f8db33efcd1a19d4c4f -> /mnt/backup/dandi/dandisets/000036/sub-402796/sub-402796_ses-20180831T004642_behavior+image+ophys.nwb
2020-10-21T21:44:10-0400 [INFO    ] backups2datalad.py Adding asset to dataset
2020-10-21T21:44:19-0400 [INFO    ] backups2datalad.py Adding URL https://dandiarchive.s3.amazonaws.com/girder-assetstore/38/3b/383bb872f4ff4f8db33efcd1a19d4c4f?versionId=9a1UCrqN1e1wHNyDtVpdJLqMUW9TpskS to asset
2020-10-21T21:44:19-0400 [INFO    ] backups2datalad.py Syncing asset /sub-402796/sub-402796_ses-20180906T210142_behavior+image+ophys.nwb
2020-10-21T21:44:19-0400 [INFO    ] backups2datalad.py Asset not in dataset; will copy
2020-10-21T21:44:19-0400 [INFO    ] backups2datalad.py cp /mnt/backup/dandi/dandiarchive-s3-backup/girder-assetstore/e1/e6/e1e68ef2e1b242ed8c2aa640300735a7 -> /mnt/backup/dandi/dandisets/000036/sub-402796/sub-402796_ses-20180906T210142_behavior+image+ophys.nwb
2020-10-21T21:44:20-0400 [INFO    ] backups2datalad.py Adding asset to dataset
2020-10-21T21:44:28-0400 [INFO    ] backups2datalad.py Adding URL https://dandiarchive.s3.amazonaws.com/girder-assetstore/e1/e6/e1e68ef2e1b242ed8c2aa640300735a7?versionId=mOPp0tj5KeOvs9csCjzZQDxpus9R6wcV to asset
2020-10-21T21:44:29-0400 [INFO    ] backups2datalad.py Syncing asset /sub-405808/sub-405808_ses-20180907T194312_behavior+image+ophys.nwb
2020-10-21T21:44:29-0400 [INFO    ] backups2datalad.py Asset not in dataset; will copy
2020-10-21T21:44:29-0400 [INFO    ] backups2datalad.py cp /mnt/backup/dandi/dandiarchive-s3-backup/girder-assetstore/32/1f/321f8e78b7c94ec382af36f0951d7b90 -> /mnt/backup/dandi/dandisets/000036/sub-405808/sub-405808_ses-20180907T194312_behavior+image+ophys.nwb
2020-10-21T21:44:31-0400 [INFO    ] backups2datalad.py Adding asset to dataset
2020-10-21T21:44:39-0400 [INFO    ] backups2datalad.py Adding URL https://dandiarchive.s3.amazonaws.com/girder-assetstore/32/1f/321f8e78b7c94ec382af36f0951d7b90?versionId=cBX0_NfVgUO8HCamY.SrCD4txkgSH_7y to asset
2020-10-21T21:44:40-0400 [INFO    ] backups2datalad.py Syncing asset /sub-405808/sub-405808_ses-20180910T232832_behavior+image+ophys.nwb
2020-10-21T21:44:40-0400 [INFO    ] backups2datalad.py Asset not in dataset; will copy
2020-10-21T21:44:40-0400 [INFO    ] backups2datalad.py cp /mnt/backup/dandi/dandiarchive-s3-backup/girder-assetstore/8c/0b/8c0b3cdfe08d449f87fffd7dac5c0eed -> /mnt/backup/dandi/dandisets/000036/sub-405808/sub-405808_ses-20180910T232832_behavior+image+ophys.nwb
2020-10-21T21:44:42-0400 [INFO    ] backups2datalad.py Adding asset to dataset
2020-10-21T21:44:51-0400 [INFO    ] backups2datalad.py Adding URL https://dandiarchive.s3.amazonaws.com/girder-assetstore/8c/0b/8c0b3cdfe08d449f87fffd7dac5c0eed?versionId=O_jdO77ZkPwG4UY7TPt9JOy6ZLKyS.tS to asset
2020-10-21T21:44:52-0400 [INFO    ] backups2datalad.py Syncing asset /sub-405808/sub-405808_ses-20180912T221001_behavior+image+ophys.nwb
2020-10-21T21:44:52-0400 [INFO    ] backups2datalad.py Asset not in dataset; will copy
2020-10-21T21:44:52-0400 [INFO    ] backups2datalad.py cp /mnt/backup/dandi/dandiarchive-s3-backup/girder-assetstore/24/a4/24a44a79ccd049c4b3d12399725c1f60 -> /mnt/backup/dandi/dandisets/000036/sub-405808/sub-405808_ses-20180912T221001_behavior+image+ophys.nwb
2020-10-21T21:44:52-0400 [INFO    ] backups2datalad.py Adding asset to dataset
2020-10-21T21:45:01-0400 [INFO    ] backups2datalad.py Adding URL https://dandiarchive.s3.amazonaws.com/girder-assetstore/24/a4/24a44a79ccd049c4b3d12399725c1f60?versionId=VLZ7s3HmYERzj2m8yff48bf3MHg9u5qj to asset
2020-10-21T21:45:01-0400 [INFO    ] backups2datalad.py Syncing asset /sub-405808/sub-405808_ses-20180913T224013_behavior+image+ophys.nwb
2020-10-21T21:45:02-0400 [INFO    ] backups2datalad.py Asset not in dataset; will copy
2020-10-21T21:45:02-0400 [INFO    ] backups2datalad.py cp /mnt/backup/dandi/dandiarchive-s3-backup/girder-assetstore/26/77/2677a98ac8cd4bd0884c01023f5c6f44 -> /mnt/backup/dandi/dandisets/000036/sub-405808/sub-405808_ses-20180913T224013_behavior+image+ophys.nwb
2020-10-21T21:45:02-0400 [INFO    ] backups2datalad.py Adding asset to dataset
2020-10-21T21:45:11-0400 [INFO    ] backups2datalad.py Adding URL https://dandiarchive.s3.amazonaws.com/girder-assetstore/26/77/2677a98ac8cd4bd0884c01023f5c6f44?versionId=wwm0WErlaacSHFF6yCyCuwqXBDvLcSGG to asset
2020-10-21T21:45:11-0400 [INFO    ] backups2datalad.py Syncing asset /sub-405808/sub-405808_ses-20180914T231328_behavior+image+ophys.nwb
2020-10-21T21:45:12-0400 [INFO    ] backups2datalad.py Asset not in dataset; will copy
2020-10-21T21:45:12-0400 [INFO    ] backups2datalad.py cp /mnt/backup/dandi/dandiarchive-s3-backup/girder-assetstore/02/6b/026b6a7795d34a2c91ec19333a301543 -> /mnt/backup/dandi/dandisets/000036/sub-405808/sub-405808_ses-20180914T231328_behavior+image+ophys.nwb
2020-10-21T21:45:13-0400 [INFO    ] backups2datalad.py Adding asset to dataset
2020-10-21T21:45:23-0400 [INFO    ] backups2datalad.py Adding URL https://dandiarchive.s3.amazonaws.com/girder-assetstore/02/6b/026b6a7795d34a2c91ec19333a301543?versionId=CkekDA98ZgNvVEGPUyOd8RlVGSoerUUO to asset
2020-10-21T21:45:23-0400 [INFO    ] backups2datalad.py Syncing asset /sub-405808/sub-405808_ses-20180918T004417_behavior+image+ophys.nwb
2020-10-21T21:45:23-0400 [INFO    ] backups2datalad.py Asset not in dataset; will copy
2020-10-21T21:45:23-0400 [INFO    ] backups2datalad.py cp /mnt/backup/dandi/dandiarchive-s3-backup/girder-assetstore/7b/fe/7bfe4ee78a23431fbc3b9e48086977f5 -> /mnt/backup/dandi/dandisets/000036/sub-405808/sub-405808_ses-20180918T004417_behavior+image+ophys.nwb
2020-10-21T21:45:26-0400 [INFO    ] backups2datalad.py Adding asset to dataset
2020-10-21T21:45:35-0400 [INFO    ] backups2datalad.py Adding URL https://dandiarchive.s3.amazonaws.com/girder-assetstore/7b/fe/7bfe4ee78a23431fbc3b9e48086977f5?versionId=150eeXSqPhMKFFX3qqgFaVe4PXosu1T1 to asset
2020-10-21T21:45:35-0400 [INFO    ] backups2datalad.py Syncing asset /sub-406876/sub-406876_ses-20180906T230406_behavior+image+ophys.nwb
2020-10-21T21:45:36-0400 [INFO    ] backups2datalad.py Asset not in dataset; will copy
2020-10-21T21:45:36-0400 [INFO    ] backups2datalad.py cp /mnt/backup/dandi/dandiarchive-s3-backup/girder-assetstore/59/95/599568f7c7c145df9a83ea7ef6db8bb9 -> /mnt/backup/dandi/dandisets/000036/sub-406876/sub-406876_ses-20180906T230406_behavior+image+ophys.nwb
2020-10-21T21:45:37-0400 [INFO    ] backups2datalad.py Adding asset to dataset
2020-10-21T21:45:45-0400 [INFO    ] backups2datalad.py Adding URL https://dandiarchive.s3.amazonaws.com/girder-assetstore/59/95/599568f7c7c145df9a83ea7ef6db8bb9?versionId=xMHplTgS1YKoAqBAZ8kP3WpWz3U8SB0J to asset
2020-10-21T21:45:45-0400 [INFO    ] backups2datalad.py Syncing asset /sub-406876/sub-406876_ses-20180910T215954_behavior+image+ophys.nwb
2020-10-21T21:45:45-0400 [INFO    ] backups2datalad.py Asset not in dataset; will copy
2020-10-21T21:45:46-0400 [INFO    ] backups2datalad.py cp /mnt/backup/dandi/dandiarchive-s3-backup/girder-assetstore/cd/63/cd639dd82698463f9dca5c2ce817feff -> /mnt/backup/dandi/dandisets/000036/sub-406876/sub-406876_ses-20180910T215954_behavior+image+ophys.nwb
2020-10-21T21:45:46-0400 [INFO    ] backups2datalad.py Adding asset to dataset
2020-10-21T21:45:54-0400 [INFO    ] backups2datalad.py Adding URL https://dandiarchive.s3.amazonaws.com/girder-assetstore/cd/63/cd639dd82698463f9dca5c2ce817feff?versionId=XZb5rAuYsW.6AMLwUgsNGih0wlKaVZSp to asset
2020-10-21T21:45:55-0400 [INFO    ] backups2datalad.py Syncing asset /sub-406876/sub-406876_ses-20180912T212600_behavior+image+ophys.nwb
2020-10-21T21:45:55-0400 [INFO    ] backups2datalad.py Asset not in dataset; will copy
2020-10-21T21:45:55-0400 [INFO    ] backups2datalad.py cp /mnt/backup/dandi/dandiarchive-s3-backup/girder-assetstore/6b/31/6b31c3fd0c5b4492b8486be516cf4c02 -> /mnt/backup/dandi/dandisets/000036/sub-406876/sub-406876_ses-20180912T212600_behavior+image+ophys.nwb
2020-10-21T21:45:57-0400 [INFO    ] backups2datalad.py Adding asset to dataset
2020-10-21T21:46:05-0400 [INFO    ] backups2datalad.py Adding URL https://dandiarchive.s3.amazonaws.com/girder-assetstore/6b/31/6b31c3fd0c5b4492b8486be516cf4c02?versionId=vLIroCOzOV1KqNI2p2dGOfegcvW7UjZ0 to asset
2020-10-21T21:46:06-0400 [INFO    ] backups2datalad.py Syncing asset /sub-406876/sub-406876_ses-20180913T230252_behavior+image+ophys.nwb
2020-10-21T21:46:06-0400 [INFO    ] backups2datalad.py Asset not in dataset; will copy
2020-10-21T21:46:06-0400 [INFO    ] backups2datalad.py cp /mnt/backup/dandi/dandiarchive-s3-backup/girder-assetstore/71/c7/71c70951924e4c54bc08a3cd370734eb -> /mnt/backup/dandi/dandisets/000036/sub-406876/sub-406876_ses-20180913T230252_behavior+image+ophys.nwb
2020-10-21T21:46:07-0400 [INFO    ] backups2datalad.py Adding asset to dataset
2020-10-21T21:46:15-0400 [INFO    ] backups2datalad.py Adding URL https://dandiarchive.s3.amazonaws.com/girder-assetstore/71/c7/71c70951924e4c54bc08a3cd370734eb?versionId=GathyojWD1b0_ePqfWzi6GR1xTTgNX.7 to asset
2020-10-21T21:46:15-0400 [INFO    ] backups2datalad.py Syncing asset /sub-406876/sub-406876_ses-20180914T220948_behavior+image+ophys.nwb
2020-10-21T21:46:16-0400 [INFO    ] backups2datalad.py Asset not in dataset; will copy
2020-10-21T21:46:16-0400 [INFO    ] backups2datalad.py cp /mnt/backup/dandi/dandiarchive-s3-backup/girder-assetstore/df/17/df175a055ab24b7baebdc723fdf51274 -> /mnt/backup/dandi/dandisets/000036/sub-406876/sub-406876_ses-20180914T220948_behavior+image+ophys.nwb
2020-10-21T21:46:16-0400 [INFO    ] backups2datalad.py Adding asset to dataset
2020-10-21T21:46:24-0400 [INFO    ] backups2datalad.py Adding URL https://dandiarchive.s3.amazonaws.com/girder-assetstore/df/17/df175a055ab24b7baebdc723fdf51274?versionId=QNXMdOXhNX8AVGtA5JRWuBHWbLpvIiTl to asset
2020-10-21T21:46:24-0400 [INFO    ] backups2datalad.py Commiting changes
